parttwo.cpp:89:39: error: reference to overloaded function could not be resolved; did you mean to call it?
        cout << "TID: " << pthread_self() << end;
                                             ^~~
/Applications/Xcode.app/Contents/Developer/Toolchains/XcodeDefault.xctoolchain/usr/bin/../lib/c++/v1/iterator:1504:1: note: possible target for call
end(_Cp& __c)
^
/Applications/Xcode.app/Contents/Developer/Toolchains/XcodeDefault.xctoolchain/usr/bin/../lib/c++/v1/iterator:1512:1: note: possible target for call
end(const _Cp& __c)
^
/Applications/Xcode.app/Contents/Developer/Toolchains/XcodeDefault.xctoolchain/usr/bin/../lib/c++/v1/iterator:1530:1: note: possible target for call
end(_Tp (&__array)[_Np])
^
/Applications/Xcode.app/Contents/Developer/Toolchains/XcodeDefault.xctoolchain/usr/bin/../lib/c++/v1/ostream:195:20: note: candidate function not viable: no overload of 'end' matching 'const void *' for 1st argument
    basic_ostream& operator<<(const void* __p);
                   ^
/Applications/Xcode.app/Contents/Developer/Toolchains/XcodeDefault.xctoolchain/usr/bin/../lib/c++/v1/ostream:179:20: note: candidate function not viable: no overload of 'end' matching 'std::__1::basic_ostream<char> &(*)(std::__1::basic_ostream<char> &)' for 1st argument
    basic_ostream& operator<<(basic_ostream& (*__pf)(basic_ostream&));
                   ^
/Applications/Xcode.app/Contents/Developer/Toolchains/XcodeDefault.xctoolchain/usr/bin/../lib/c++/v1/ostream:180:20: note: candidate function not viable: no overload of 'end' matching 'basic_ios<char_type, traits_type> &(*)(basic_ios<char_type, traits_type> &)' for 1st argument
    basic_ostream& operator<<(basic_ios<char_type, traits_type>&
                   ^
/Applications/Xcode.app/Contents/Developer/Toolchains/XcodeDefault.xctoolchain/usr/bin/../lib/c++/v1/ostream:182:20: note: candidate function not viable: no overload of 'end' matching 'std::__1::ios_base &(*)(std::__1::ios_base &)' for 1st argument
    basic_ostream& operator<<(ios_base& (*__pf)(ios_base&));
                   ^
/Applications/Xcode.app/Contents/Developer/Toolchains/XcodeDefault.xctoolchain/usr/bin/../lib/c++/v1/ostream:183:20: note: candidate function not viable: no overload of 'end' matching 'bool' for 1st argument
    basic_ostream& operator<<(bool __n);
                   ^
/Applications/Xcode.app/Contents/Developer/Toolchains/XcodeDefault.xctoolchain/usr/bin/../lib/c++/v1/ostream:184:20: note: candidate function not viable: no overload of 'end' matching 'short' for 1st argument
    basic_ostream& operator<<(short __n);
                   ^
/Applications/Xcode.app/Contents/Developer/Toolchains/XcodeDefault.xctoolchain/usr/bin/../lib/c++/v1/ostream:185:20: note: candidate function not viable: no overload of 'end' matching 'unsigned short' for 1st argument
    basic_ostream& operator<<(unsigned short __n);
                   ^
/Applications/Xcode.app/Contents/Developer/Toolchains/XcodeDefault.xctoolchain/usr/bin/../lib/c++/v1/ostream:186:20: note: candidate function not viable: no overload of 'end' matching 'int' for 1st argument
    basic_ostream& operator<<(int __n);
                   ^
/Applications/Xcode.app/Contents/Developer/Toolchains/XcodeDefault.xctoolchain/usr/bin/../lib/c++/v1/ostream:187:20: note: candidate function not viable: no overload of 'end' matching 'unsigned int' for 1st argument
    basic_ostream& operator<<(unsigned int __n);
                   ^
/Applications/Xcode.app/Contents/Developer/Toolchains/XcodeDefault.xctoolchain/usr/bin/../lib/c++/v1/ostream:188:20: note: candidate function not viable: no overload of 'end' matching 'long' for 1st argument
    basic_ostream& operator<<(long __n);
                   ^
/Applications/Xcode.app/Contents/Developer/Toolchains/XcodeDefault.xctoolchain/usr/bin/../lib/c++/v1/ostream:189:20: note: candidate function not viable: no overload of 'end' matching 'unsigned long' for 1st argument
    basic_ostream& operator<<(unsigned long __n);
                   ^
/Applications/Xcode.app/Contents/Developer/Toolchains/XcodeDefault.xctoolchain/usr/bin/../lib/c++/v1/ostream:190:20: note: candidate function not viable: no overload of 'end' matching 'long long' for 1st argument
    basic_ostream& operator<<(long long __n);
                   ^
/Applications/Xcode.app/Contents/Developer/Toolchains/XcodeDefault.xctoolchain/usr/bin/../lib/c++/v1/ostream:191:20: note: candidate function not viable: no overload of 'end' matching 'unsigned long long' for 1st argument
    basic_ostream& operator<<(unsigned long long __n);
                   ^
/Applications/Xcode.app/Contents/Developer/Toolchains/XcodeDefault.xctoolchain/usr/bin/../lib/c++/v1/ostream:192:20: note: candidate function not viable: no overload of 'end' matching 'float' for 1st argument
    basic_ostream& operator<<(float __f);
                   ^
/Applications/Xcode.app/Contents/Developer/Toolchains/XcodeDefault.xctoolchain/usr/bin/../lib/c++/v1/ostream:193:20: note: candidate function not viable: no overload of 'end' matching 'double' for 1st argument
    basic_ostream& operator<<(double __f);
                   ^
/Applications/Xcode.app/Contents/Developer/Toolchains/XcodeDefault.xctoolchain/usr/bin/../lib/c++/v1/ostream:194:20: note: candidate function not viable: no overload of 'end' matching 'long double' for 1st argument
    basic_ostream& operator<<(long double __f);
                   ^
/Applications/Xcode.app/Contents/Developer/Toolchains/XcodeDefault.xctoolchain/usr/bin/../lib/c++/v1/ostream:196:20: note: candidate function not viable: no overload of 'end' matching 'basic_streambuf<char_type, traits_type> *' for 1st argument
    basic_ostream& operator<<(basic_streambuf<char_type, traits_type>* __sb);
                   ^
/Applications/Xcode.app/Contents/Developer/Toolchains/XcodeDefault.xctoolchain/usr/bin/../lib/c++/v1/ostream:732:1: note: candidate function [with _CharT = char, _Traits = std::__1::char_traits<char>] not viable: no overload of 'end' matching 'char' for 2nd argument
operator<<(basic_ostream<_CharT, _Traits>& __os, _CharT __c)
^
/Applications/Xcode.app/Contents/Developer/Toolchains/XcodeDefault.xctoolchain/usr/bin/../lib/c++/v1/ostream:764:1: note: candidate function [with _CharT = char, _Traits = std::__1::char_traits<char>] not viable: no overload of 'end' matching 'char' for 2nd argument
operator<<(basic_ostream<_CharT, _Traits>& __os, char __cn)
^
/Applications/Xcode.app/Contents/Developer/Toolchains/XcodeDefault.xctoolchain/usr/bin/../lib/c++/v1/ostream:797:1: note: candidate function [with _Traits = std::__1::char_traits<char>] not viable: no overload of 'end' matching 'char' for 2nd argument
operator<<(basic_ostream<char, _Traits>& __os, char __c)
^
/Applications/Xcode.app/Contents/Developer/Toolchains/XcodeDefault.xctoolchain/usr/bin/../lib/c++/v1/ostream:829:1: note: candidate function [with _Traits = std::__1::char_traits<char>] not viable: no overload of 'end' matching 'signed char' for 2nd argument
operator<<(basic_ostream<char, _Traits>& __os, signed char __c)
^
/Applications/Xcode.app/Contents/Developer/Toolchains/XcodeDefault.xctoolchain/usr/bin/../lib/c++/v1/ostream:861:1: note: candidate function [with _Traits = std::__1::char_traits<char>] not viable: no overload of 'end' matching 'unsigned char' for 2nd argument
operator<<(basic_ostream<char, _Traits>& __os, unsigned char __c)
^
/Applications/Xcode.app/Contents/Developer/Toolchains/XcodeDefault.xctoolchain/usr/bin/../lib/c++/v1/ostream:893:1: note: candidate function [with _CharT = char, _Traits = std::__1::char_traits<char>] not viable: no overload of 'end' matching 'const char *' for 2nd argument
operator<<(basic_ostream<_CharT, _Traits>& __os, const _CharT* __str)
^
/Applications/Xcode.app/Contents/Developer/Toolchains/XcodeDefault.xctoolchain/usr/bin/../lib/c++/v1/ostream:926:1: note: candidate function [with _CharT = char, _Traits = std::__1::char_traits<char>] not viable: no overload of 'end' matching 'const char *' for 2nd argument
operator<<(basic_ostream<_CharT, _Traits>& __os, const char* __strn)
^
/Applications/Xcode.app/Contents/Developer/Toolchains/XcodeDefault.xctoolchain/usr/bin/../lib/c++/v1/ostream:972:1: note: candidate function [with _Traits = std::__1::char_traits<char>] not viable: no overload of 'end' matching 'const char *' for 2nd argument
operator<<(basic_ostream<char, _Traits>& __os, const char* __str)
^
/Applications/Xcode.app/Contents/Developer/Toolchains/XcodeDefault.xctoolchain/usr/bin/../lib/c++/v1/ostream:1005:1: note: candidate function [with _Traits = std::__1::char_traits<char>] not viable: no overload of 'end' matching 'const signed char *' for 2nd argument
operator<<(basic_ostream<char, _Traits>& __os, const signed char* __str)
^
/Applications/Xcode.app/Contents/Developer/Toolchains/XcodeDefault.xctoolchain/usr/bin/../lib/c++/v1/ostream:1038:1: note: candidate function [with _Traits = std::__1::char_traits<char>] not viable: no overload of 'end' matching 'const unsigned char *' for 2nd argument
operator<<(basic_ostream<char, _Traits>& __os, const unsigned char* __str)
^
/Applications/Xcode.app/Contents/Developer/Toolchains/XcodeDefault.xctoolchain/usr/bin/../lib/c++/v1/ostream:1268:1: note: candidate function [with _CharT = char, _Traits = std::__1::char_traits<char>] not viable: no overload of 'end' matching 'const std::__1::error_code' for 2nd argument
operator<<(basic_ostream<_CharT, _Traits>& __os, const error_code& __ec)
^
/Applications/Xcode.app/Contents/Developer/Toolchains/XcodeDefault.xctoolchain/usr/bin/../lib/c++/v1/ostream:1233:1: note: candidate template ignored: couldn't infer template argument '_Allocator'
operator<<(basic_ostream<_CharT, _Traits>& __os,
^
/Applications/Xcode.app/Contents/Developer/Toolchains/XcodeDefault.xctoolchain/usr/bin/../lib/c++/v1/ostream:1276:1: note: candidate template ignored: couldn't infer template argument '_Yp'
operator<<(basic_ostream<_CharT, _Traits>& __os, shared_ptr<_Yp> const& __p)
^
/Applications/Xcode.app/Contents/Developer/Toolchains/XcodeDefault.xctoolchain/usr/bin/../lib/c++/v1/ostream:1283:1: note: candidate template ignored: couldn't infer template argument '_Size'
operator<<(basic_ostream<_CharT, _Traits>& __os, const bitset<_Size>& __x)
^
1 error generated.
./parttwo.sh: line 2: ./parttwo: cannot execute binary file
