Inserted process 0 into the backstore
n: start: 0	size: 112
Memory Map
================================================================================
         9        19        29        39        49        59        69        79
----+----|----+----|----+----|----+----|----+----|----+----|----+----|----+----|
@@@@@@@@@@@@@@@@@@@@@@@@@@@@@@@@@@@@@@@@@@@@@@@@@@@@@@@@@@@@@@@@@@@@@@@@@@@@@@@@
        89        99       109       119       129       139       149       159
----+----|----+----|----+----|----+----|----+----|----+----|----+----|----+----|
@@@@@@@@@@@@@@@@@@@@@@@@@@@@@@@@@@@@@@@@0000000000000000000000000000000000000000
       169       179       189       199       209       219       229       239
----+----|----+----|----+----|----+----|----+----|----+----|----+----|----+----|
00000000000000000000000000000000000000000000000000000000000000000000000000000   
       249       259       269       279       289       299       309       319
----+----|----+----|----+----|----+----|----+----|----+----|----+----|----+----|
                                                            111111111111111     
       329       339       349       359       369       379       389       399
----+----|----+----|----+----|----+----|----+----|----+----|----+----|----+----|
                                                                                
       409       419       429       439       449       459       469       479
----+----|----+----|----+----|----+----|----+----|----+----|----+----|----+----|
                                                                                
       489       499       509       519       529       539       549       559
----+----|----+----|----+----|----+----|----+----|----+----|----+----|----+----|
                                                                                
       569       579       589       599       609       619       629       639
----+----|----+----|----+----|----+----|----+----|----+----|----+----|----+----|
                                                                                
       649       659       669       679       689       699       709       719
----+----|----+----|----+----|----+----|----+----|----+----|----+----|----+----|
                                                                                
       729       739       749       759       769       779       789       799
----+----|----+----|----+----|----+----|----+----|----+----|----+----|----+----|
                                                                                
       809       819       829       839       849       859       869       879
----+----|----+----|----+----|----+----|----+----|----+----|----+----|----+----|
                                                                                
       889       899       909       919       929       939       949       959
----+----|----+----|----+----|----+----|----+----|----+----|----+----|----+----|
                                                                                
       969       979       989       999      1009      1019      1029      1039
----+----|----+----|----+----|----+----|----+----|----+----|----+----|----+----|
                                                                           ÿ   1
================================================================================
Map of Backstore
================================================================================
         9        19        29        39        49        59        69        79
----+----|----+----|----+----|----+----|----+----|----+----|----+----|----+----|
               33333333333333333333333333333333333333333333333333333333333333333
        89        99       109       119       129       139       149       159
----+----|----+----|----+----|----+----|----+----|----+----|----+----|----+----|
33333333333333333333333333333333333333333333333333333333333333334444444444444444
       169       179       189       199       209       219       229       239
----+----|----+----|----+----|----+----|----+----|----+----|----+----|----+----|
44444444444444444444444444444444444444444444444444444444444444444444444444444444
       249       259       269       279       289       299       309       319
----+----|----+----|----+----|----+----|----+----|----+----|----+----|----+----|
4444444444444444444444444444444444444444444444444                               
       329       339       349       359       369       379       389       399
----+----|----+----|----+----|----+----|----+----|----+----|----+----|----+----|
                                                                                
       409       419       429       439       449       459       469       479
----+----|----+----|----+----|----+----|----+----|----+----|----+----|----+----|
                                                                                
       489       499       509       519       529       539       549       559
----+----|----+----|----+----|----+----|----+----|----+----|----+----|----+----|
                                                                                
       569       579       589       599       609       619       629       639
----+----|----+----|----+----|----+----|----+----|----+----|----+----|----+----|
                                                                                
       649       659       669       679       689       699       709       719
----+----|----+----|----+----|----+----|----+----|----+----|----+----|----+----|
                                                                                
       729       739       749       759       769       779       789       799
----+----|----+----|----+----|----+----|----+----|----+----|----+----|----+----|
                                                                                
       809       819       829       839       849       859       869       879
----+----|----+----|----+----|----+----|----+----|----+----|----+----|----+----|
                                                                                
       889       899       909       919       929       939       949       959
----+----|----+----|----+----|----+----|----+----|----+----|----+----|----+----|
                                                                                
       969       979       989       999      1009      1019      1029      1039
----+----|----+----|----+----|----+----|----+----|----+----|----+----|----+----|
                                                                                
================================================================================
Possible holes
Hole: 0	start: 222	size: 0
Hole: 1	start: 223	size: 0
Hole: 2	start: 224	size: 0
Hole: 3	start: 225	size: 0
Hole: 4	start: 226	size: 0
Hole: 5	start: 227	size: 0
Hole: 6	start: 228	size: 0
Hole: 7	start: 229	size: 0
Hole: 8	start: 230	size: 0
Hole: 9	start: 231	size: 0
Hole: 10	start: 232	size: 0
Hole: 11	start: 233	size: 0
Hole: 12	start: 234	size: 0
Hole: 13	start: 235	size: 0
Hole: 14	start: 236	size: 0
Hole: 15	start: 237	size: 63
Hole: 16	start: 301	size: 63
Hole: 17	start: 302	size: 63
Hole: 18	start: 303	size: 63
Hole: 19	start: 304	size: 63
Hole: 20	start: 305	size: 63
Hole: 21	start: 306	size: 63
Hole: 22	start: 307	size: 63
Hole: 23	start: 308	size: 63
Hole: 24	start: 309	size: 63
Hole: 25	start: 310	size: 63
Hole: 26	start: 311	size: 63
Hole: 27	start: 312	size: 63
Hole: 28	start: 313	size: 63
Hole: 29	start: 314	size: 63
Hole: 30	start: 315	size: 783
n needs: 112 and is being put at 315
Memory Map
================================================================================
         9        19        29        39        49        59        69        79
----+----|----+----|----+----|----+----|----+----|----+----|----+----|----+----|
@@@@@@@@@@@@@@@@@@@@@@@@@@@@@@@@@@@@@@@@@@@@@@@@@@@@@@@@@@@@@@@@@@@@@@@@@@@@@@@@
        89        99       109       119       129       139       149       159
----+----|----+----|----+----|----+----|----+----|----+----|----+----|----+----|
@@@@@@@@@@@@@@@@@@@@@@@@@@@@@@@@@@@@@@@@0000000000000000000000000000000000000000
       169       179       189       199       209       219       229       239
----+----|----+----|----+----|----+----|----+----|----+----|----+----|----+----|
00000000000000000000000000000000000000000000000000000000000000000000000000000   
       249       259       269       279       289       299       309       319
----+----|----+----|----+----|----+----|----+----|----+----|----+----|----+----|
                                                            111111111111111nnnnn
       329       339       349       359       369       379       389       399
----+----|----+----|----+----|----+----|----+----|----+----|----+----|----+----|
nnnnnnnnnnnnnnnnnnnnnnnnnnnnnnnnnnnnnnnnnnnnnnnnnnnnnnnnnnnnnnnnnnnnnnnnnnnnnnnn
       409       419       429       439       449       459       469       479
----+----|----+----|----+----|----+----|----+----|----+----|----+----|----+----|
nnnnnnnnnnnnnnnnnnnnnnnnnnn                                                     
       489       499       509       519       529       539       549       559
----+----|----+----|----+----|----+----|----+----|----+----|----+----|----+----|
                                                                                
       569       579       589       599       609       619       629       639
----+----|----+----|----+----|----+----|----+----|----+----|----+----|----+----|
                                                                                
       649       659       669       679       689       699       709       719
----+----|----+----|----+----|----+----|----+----|----+----|----+----|----+----|
                                                                                
       729       739       749       759       769       779       789       799
----+----|----+----|----+----|----+----|----+----|----+----|----+----|----+----|
                                                                                
       809       819       829       839       849       859       869       879
----+----|----+----|----+----|----+----|----+----|----+----|----+----|----+----|
                                                                                
       889       899       909       919       929       939       949       959
----+----|----+----|----+----|----+----|----+----|----+----|----+----|----+----|
                                                                                
       969       979       989       999      1009      1019      1029      1039
----+----|----+----|----+----|----+----|----+----|----+----|----+----|----+----|
                                                                           ÿ   1
================================================================================
Map of Backstore
================================================================================
         9        19        29        39        49        59        69        79
----+----|----+----|----+----|----+----|----+----|----+----|----+----|----+----|
               33333333333333333333333333333333333333333333333333333333333333333
        89        99       109       119       129       139       149       159
----+----|----+----|----+----|----+----|----+----|----+----|----+----|----+----|
33333333333333333333333333333333333333333333333333333333333333334444444444444444
       169       179       189       199       209       219       229       239
----+----|----+----|----+----|----+----|----+----|----+----|----+----|----+----|
44444444444444444444444444444444444444444444444444444444444444444444444444444444
       249       259       269       279       289       299       309       319
----+----|----+----|----+----|----+----|----+----|----+----|----+----|----+----|
4444444444444444444444444444444444444444444444444                               
       329       339       349       359       369       379       389       399
----+----|----+----|----+----|----+----|----+----|----+----|----+----|----+----|
                                                                                
       409       419       429       439       449       459       469       479
----+----|----+----|----+----|----+----|----+----|----+----|----+----|----+----|
                                                                                
       489       499       509       519       529       539       549       559
----+----|----+----|----+----|----+----|----+----|----+----|----+----|----+----|
                                                                                
       569       579       589       599       609       619       629       639
----+----|----+----|----+----|----+----|----+----|----+----|----+----|----+----|
                                                                                
       649       659       669       679       689       699       709       719
----+----|----+----|----+----|----+----|----+----|----+----|----+----|----+----|
                                                                                
       729       739       749       759       769       779       789       799
----+----|----+----|----+----|----+----|----+----|----+----|----+----|----+----|
                                                                                
       809       819       829       839       849       859       869       879
----+----|----+----|----+----|----+----|----+----|----+----|----+----|----+----|
                                                                                
       889       899       909       919       929       939       949       959
----+----|----+----|----+----|----+----|----+----|----+----|----+----|----+----|
                                                                                
       969       979       989       999      1009      1019      1029      1039
----+----|----+----|----+----|----+----|----+----|----+----|----+----|----+----|
                                                                                
================================================================================
Memory Map
================================================================================
         9        19        29        39        49        59        69        79
----+----|----+----|----+----|----+----|----+----|----+----|----+----|----+----|
@@@@@@@@@@@@@@@@@@@@@@@@@@@@@@@@@@@@@@@@@@@@@@@@@@@@@@@@@@@@@@@@@@@@@@@@@@@@@@@@
        89        99       109       119       129       139       149       159
----+----|----+----|----+----|----+----|----+----|----+----|----+----|----+----|
@@@@@@@@@@@@@@@@@@@@@@@@@@@@@@@@@@@@@@@@0000000000000000000000000000000000000000
       169       179       189       199       209       219       229       239
----+----|----+----|----+----|----+----|----+----|----+----|----+----|----+----|
00000000000000000000000000000000000000000000000000000000000000000000000000000   
       249       259       269       279       289       299       309       319
----+----|----+----|----+----|----+----|----+----|----+----|----+----|----+----|
                                                            111111111111111nnnnn
       329       339       349       359       369       379       389       399
----+----|----+----|----+----|----+----|----+----|----+----|----+----|----+----|
nnnnnnnnnnnnnnnnnnnnnnnnnnnnnnnnnnnnnnnnnnnnnnnnnnnnnnnnnnnnnnnnnnnnnnnnnnnnnnnn
       409       419       429       439       449       459       469       479
----+----|----+----|----+----|----+----|----+----|----+----|----+----|----+----|
nnnnnnnnnnnnnnnnnnnnnnnnnnn                                                     
       489       499       509       519       529       539       549       559
----+----|----+----|----+----|----+----|----+----|----+----|----+----|----+----|
                                                                                
       569       579       589       599       609       619       629       639
----+----|----+----|----+----|----+----|----+----|----+----|----+----|----+----|
                                                                                
       649       659       669       679       689       699       709       719
----+----|----+----|----+----|----+----|----+----|----+----|----+----|----+----|
                                                                                
       729       739       749       759       769       779       789       799
----+----|----+----|----+----|----+----|----+----|----+----|----+----|----+----|
                                                                                
       809       819       829       839       849       859       869       879
----+----|----+----|----+----|----+----|----+----|----+----|----+----|----+----|
                                                                                
       889       899       909       919       929       939       949       959
----+----|----+----|----+----|----+----|----+----|----+----|----+----|----+----|
                                                                                
       969       979       989       999      1009      1019      1029      1039
----+----|----+----|----+----|----+----|----+----|----+----|----+----|----+----|
                                                                           ÿ   1
================================================================================
Map of Backstore
================================================================================
         9        19        29        39        49        59        69        79
----+----|----+----|----+----|----+----|----+----|----+----|----+----|----+----|
               33333333333333333333333333333333333333333333333333333333333333333
        89        99       109       119       129       139       149       159
----+----|----+----|----+----|----+----|----+----|----+----|----+----|----+----|
33333333333333333333333333333333333333333333333333333333333333334444444444444444
       169       179       189       199       209       219       229       239
----+----|----+----|----+----|----+----|----+----|----+----|----+----|----+----|
44444444444444444444444444444444444444444444444444444444444444444444444444444444
       249       259       269       279       289       299       309       319
----+----|----+----|----+----|----+----|----+----|----+----|----+----|----+----|
4444444444444444444444444444444444444444444444444                               
       329       339       349       359       369       379       389       399
----+----|----+----|----+----|----+----|----+----|----+----|----+----|----+----|
                                                                                
       409       419       429       439       449       459       469       479
----+----|----+----|----+----|----+----|----+----|----+----|----+----|----+----|
                                                                                
       489       499       509       519       529       539       549       559
----+----|----+----|----+----|----+----|----+----|----+----|----+----|----+----|
                                                                                
       569       579       589       599       609       619       629       639
----+----|----+----|----+----|----+----|----+----|----+----|----+----|----+----|
                                                                                
       649       659       669       679       689       699       709       719
----+----|----+----|----+----|----+----|----+----|----+----|----+----|----+----|
                                                                                
       729       739       749       759       769       779       789       799
----+----|----+----|----+----|----+----|----+----|----+----|----+----|----+----|
                                                                                
       809       819       829       839       849       859       869       879
----+----|----+----|----+----|----+----|----+----|----+----|----+----|----+----|
                                                                                
       889       899       909       919       929       939       949       959
----+----|----+----|----+----|----+----|----+----|----+----|----+----|----+----|
                                                                                
       969       979       989       999      1009      1019      1029      1039
----+----|----+----|----+----|----+----|----+----|----+----|----+----|----+----|
                                                                                
================================================================================
Possible holes
Hole: 0	start: 222	size: 0
Hole: 1	start: 223	size: 0
Hole: 2	start: 224	size: 0
Hole: 3	start: 225	size: 0
Hole: 4	start: 226	size: 0
Hole: 5	start: 227	size: 0
Hole: 6	start: 228	size: 0
Hole: 7	start: 229	size: 0
Hole: 8	start: 230	size: 0
Hole: 9	start: 231	size: 0
Hole: 10	start: 232	size: 0
Hole: 11	start: 233	size: 0
Hole: 12	start: 234	size: 0
Hole: 13	start: 235	size: 0
Hole: 14	start: 236	size: 0
Hole: 15	start: 237	size: 63
Hole: 16	start: 412	size: 63
Hole: 17	start: 413	size: 63
Hole: 18	start: 414	size: 63
Hole: 19	start: 415	size: 63
Hole: 20	start: 416	size: 63
Hole: 21	start: 417	size: 63
Hole: 22	start: 418	size: 63
Hole: 23	start: 419	size: 63
Hole: 24	start: 420	size: 63
Hole: 25	start: 421	size: 63
Hole: 26	start: 422	size: 63
Hole: 27	start: 423	size: 63
Hole: 28	start: 424	size: 63
Hole: 29	start: 425	size: 63
Hole: 30	start: 426	size: 63
Hole: 31	start: 427	size: 671
3 needs: 129 and is being put at 427
Memory Map
================================================================================
         9        19        29        39        49        59        69        79
----+----|----+----|----+----|----+----|----+----|----+----|----+----|----+----|
@@@@@@@@@@@@@@@@@@@@@@@@@@@@@@@@@@@@@@@@@@@@@@@@@@@@@@@@@@@@@@@@@@@@@@@@@@@@@@@@
        89        99       109       119       129       139       149       159
----+----|----+----|----+----|----+----|----+----|----+----|----+----|----+----|
@@@@@@@@@@@@@@@@@@@@@@@@@@@@@@@@@@@@@@@@0000000000000000000000000000000000000000
       169       179       189       199       209       219       229       239
----+----|----+----|----+----|----+----|----+----|----+----|----+----|----+----|
00000000000000000000000000000000000000000000000000000000000000000000000000000   
       249       259       269       279       289       299       309       319
----+----|----+----|----+----|----+----|----+----|----+----|----+----|----+----|
                                                            111111111111111nnnnn
       329       339       349       359       369       379       389       399
----+----|----+----|----+----|----+----|----+----|----+----|----+----|----+----|
nnnnnnnnnnnnnnnnnnnnnnnnnnnnnnnnnnnnnnnnnnnnnnnnnnnnnnnnnnnnnnnnnnnnnnnnnnnnnnnn
       409       419       429       439       449       459       469       479
----+----|----+----|----+----|----+----|----+----|----+----|----+----|----+----|
nnnnnnnnnnnnnnnnnnnnnnnnnnn33333333333333333333333333333333333333333333333333333
       489       499       509       519       529       539       549       559
----+----|----+----|----+----|----+----|----+----|----+----|----+----|----+----|
3333333333333333333333333333333333333333333333333333333333333333333333333333    
       569       579       589       599       609       619       629       639
----+----|----+----|----+----|----+----|----+----|----+----|----+----|----+----|
                                                                                
       649       659       669       679       689       699       709       719
----+----|----+----|----+----|----+----|----+----|----+----|----+----|----+----|
                                                                                
       729       739       749       759       769       779       789       799
----+----|----+----|----+----|----+----|----+----|----+----|----+----|----+----|
                                                                                
       809       819       829       839       849       859       869       879
----+----|----+----|----+----|----+----|----+----|----+----|----+----|----+----|
                                                                                
       889       899       909       919       929       939       949       959
----+----|----+----|----+----|----+----|----+----|----+----|----+----|----+----|
                                                                                
       969       979       989       999      1009      1019      1029      1039
----+----|----+----|----+----|----+----|----+----|----+----|----+----|----+----|
                                                                           ÿ   1
================================================================================
Map of Backstore
================================================================================
         9        19        29        39        49        59        69        79
----+----|----+----|----+----|----+----|----+----|----+----|----+----|----+----|
                                                                                
        89        99       109       119       129       139       149       159
----+----|----+----|----+----|----+----|----+----|----+----|----+----|----+----|
                                                                4444444444444444
       169       179       189       199       209       219       229       239
----+----|----+----|----+----|----+----|----+----|----+----|----+----|----+----|
44444444444444444444444444444444444444444444444444444444444444444444444444444444
       249       259       269       279       289       299       309       319
----+----|----+----|----+----|----+----|----+----|----+----|----+----|----+----|
4444444444444444444444444444444444444444444444444                               
       329       339       349       359       369       379       389       399
----+----|----+----|----+----|----+----|----+----|----+----|----+----|----+----|
                                                                                
       409       419       429       439       449       459       469       479
----+----|----+----|----+----|----+----|----+----|----+----|----+----|----+----|
                                                                                
       489       499       509       519       529       539       549       559
----+----|----+----|----+----|----+----|----+----|----+----|----+----|----+----|
                                                                                
       569       579       589       599       609       619       629       639
----+----|----+----|----+----|----+----|----+----|----+----|----+----|----+----|
                                                                                
       649       659       669       679       689       699       709       719
----+----|----+----|----+----|----+----|----+----|----+----|----+----|----+----|
                                                                                
       729       739       749       759       769       779       789       799
----+----|----+----|----+----|----+----|----+----|----+----|----+----|----+----|
                                                                                
       809       819       829       839       849       859       869       879
----+----|----+----|----+----|----+----|----+----|----+----|----+----|----+----|
                                                                                
       889       899       909       919       929       939       949       959
----+----|----+----|----+----|----+----|----+----|----+----|----+----|----+----|
                                                                                
       969       979       989       999      1009      1019      1029      1039
----+----|----+----|----+----|----+----|----+----|----+----|----+----|----+----|
                                                                                
================================================================================
